#
# There is insufficient memory for the Java Runtime Environment to continue.
# Native memory allocation (mmap) failed to map 134217728 bytes for Failed to commit area from 0x0000000081800000 to 0x0000000089800000 of length 134217728.
# Possible reasons:
#   The system is out of physical RAM or swap space
#   The process is running with CompressedOops enabled, and the Java Heap may be blocking the growth of the native heap
# Possible solutions:
#   Reduce memory load on the system
#   Increase physical memory or swap space
#   Check if swap backing store is full
#   Decrease Java heap size (-Xmx/-Xms)
#   Decrease number of Java threads
#   Decrease Java thread stack sizes (-Xss)
#   Set larger code cache with -XX:ReservedCodeCacheSize=
# This output file may be truncated or incomplete.
#
#  Out of Memory Error (src/hotspot/os/windows/os_windows.cpp:3624), pid=14052, tid=8800
#
# JRE version:  (11.0.14.1+1) (build )
# Java VM: OpenJDK 64-Bit Server VM (11.0.14.1+1-b2043.25, mixed mode, sharing, tiered, compressed oops, g1 gc, windows-amd64)
# No core dump will be written. Minidumps are not enabled by default on client versions of Windows
#

---------------  S U M M A R Y ------------

Command Line: git4idea.http.GitAskPassApp Username for 'https://gitee.com': 

Host: Intel(R) Core(TM) i5-5350U CPU @ 1.80GHz, 4 cores, 7G,  Windows 10 , 64 bit Build 19041 (10.0.19041.1706)
Time: Fri May 13 21:33:55 2022 中国标准时间 elapsed time: 0.030360 seconds (0d 0h 0m 0s)

---------------  T H R E A D  ---------------

Current thread (0x000001334b4f9000):  JavaThread "Unknown thread" [_thread_in_vm, id=8800, stack(0x00000032a1a00000,0x00000032a1b00000)]

Stack: [0x00000032a1a00000,0x00000032a1b00000]
Native frames: (J=compiled Java code, j=interpreted, Vv=VM code, C=native code)
V  [jvm.dll+0x61618a]
V  [jvm.dll+0x79c450]
V  [jvm.dll+0x79da6d]
V  [jvm.dll+0x79e143]
V  [jvm.dll+0x24c968]
V  [jvm.dll+0x6131f4]
V  [jvm.dll+0x607ef5]
V  [jvm.dll+0x30b35b]
V  [jvm.dll+0x30b2ca]
V  [jvm.dll+0x30b1a2]
V  [jvm.dll+0x3100f6]
V  [jvm.dll+0x35b7e3]
V  [jvm.dll+0x35bee6]
V  [jvm.dll+0x35b8e3]
V  [jvm.dll+0x2e5b68]
V  [jvm.dll+0x2e6d17]
V  [jvm.dll+0x779087]
V  [jvm.dll+0x77a87c]
V  [jvm.dll+0x368d99]
V  [jvm.dll+0x75c9de]
V  [jvm.dll+0x3d6d53]
V  [jvm.dll+0x3d92f1]
C  [jli.dll+0x536b]
C  [ucrtbase.dll+0x21bb2]
C  [KERNEL32.DLL+0x17034]
C  [ntdll.dll+0x52651]


---------------  P R O C E S S  ---------------

Threads class SMR info:
_java_thread_list=0x000001334932ea80, length=0, elements={
}

Java Threads: ( => current thread )

Other Threads:
  0x000001334b512000 GCTaskThread "GC Thread#0" [stack: 0x00000032a1b00000,0x00000032a1c00000] [id=13788]
  0x000001334b543800 ConcurrentGCThread "G1 Main Marker" [stack: 0x00000032a1c00000,0x00000032a1d00000] [id=16268]
  0x000001334b545000 ConcurrentGCThread "G1 Conc#0" [stack: 0x00000032a1d00000,0x00000032a1e00000] [id=16320]

[error occurred during error reporting (printing all threads), id 0xc0000005, EXCEPTION_ACCESS_VIOLATION (0xc0000005) at pc=0x00007ffcc18f6177]

VM state:not at safepoint (not fully initialized)

VM Mutex/Monitor currently owned by a thread:  ([mutex/lock_event])
[0x000001334b4f5910] Heap_lock - owner thread: 0x000001334b4f9000

Heap address: 0x0000000081800000, size: 2024 MB, Compressed Oops mode: Non-zero based: 0x0000000081800000
Narrow klass base: 0x0000000000000000, Narrow klass shift: 0

GC Heap History (0 events):
No events

Deoptimization events (0 events):
No events

Classes redefined (0 events):
No events

Internal exceptions (0 events):
No events

Events (1 events):
Event: 0.018 Loaded shared library C:\Program Files\JetBrains\IntelliJ IDEA 2022.1\jbr\bin\zip.dll


Dynamic libraries:
0x00007ff646490000 - 0x00007ff64649a000 	C:\Program Files\JetBrains\IntelliJ IDEA 2022.1\jbr\bin\java.exe
0x00007ffcf0130000 - 0x00007ffcf0325000 	C:\WINDOWS\SYSTEM32\ntdll.dll
0x00007ffcee180000 - 0x00007ffcee23d000 	C:\WINDOWS\System32\KERNEL32.DLL
0x00007ffcedae0000 - 0x00007ffceddad000 	C:\WINDOWS\System32\KERNELBASE.dll
0x00007ffced9e0000 - 0x00007ffcedae0000 	C:\WINDOWS\System32\ucrtbase.dll
0x00007ffcdcb50000 - 0x00007ffcdcb69000 	C:\Program Files\JetBrains\IntelliJ IDEA 2022.1\jbr\bin\jli.dll
0x00007ffccf9b0000 - 0x00007ffccf9c6000 	C:\Program Files\JetBrains\IntelliJ IDEA 2022.1\jbr\bin\VCRUNTIME140.dll
0x00007ffcee8b0000 - 0x00007ffceea50000 	C:\WINDOWS\System32\USER32.dll
0x00007ffcee150000 - 0x00007ffcee172000 	C:\WINDOWS\System32\win32u.dll
0x00007ffcefd40000 - 0x00007ffcefd6a000 	C:\WINDOWS\System32\GDI32.dll
0x00007ffcede40000 - 0x00007ffcedf4b000 	C:\WINDOWS\System32\gdi32full.dll
0x00007ffcddde0000 - 0x00007ffcde07a000 	C:\WINDOWS\WinSxS\amd64_microsoft.windows.common-controls_6595b64144ccf1df_6.0.19041.1110_none_60b5254171f9507e\COMCTL32.dll
0x00007ffced8f0000 - 0x00007ffced98d000 	C:\WINDOWS\System32\msvcp_win.dll
0x00007ffcefe60000 - 0x00007ffcefefe000 	C:\WINDOWS\System32\msvcrt.dll
0x00007ffcef360000 - 0x00007ffcef390000 	C:\WINDOWS\System32\IMM32.DLL
0x00007ffcc3b10000 - 0x00007ffcc3bba000 	C:\Program Files\JetBrains\IntelliJ IDEA 2022.1\jbr\bin\msvcp140.dll
0x00007ffcc1600000 - 0x00007ffcc217a000 	C:\Program Files\JetBrains\IntelliJ IDEA 2022.1\jbr\bin\server\jvm.dll
0x00007ffceffe0000 - 0x00007ffcf008e000 	C:\WINDOWS\System32\ADVAPI32.dll
0x00007ffceef50000 - 0x00007ffceefec000 	C:\WINDOWS\System32\sechost.dll
0x00007ffcee5a0000 - 0x00007ffcee6c5000 	C:\WINDOWS\System32\RPCRT4.dll
0x00007ffcef2a0000 - 0x00007ffcef2a8000 	C:\WINDOWS\System32\PSAPI.DLL
0x00007ffcd5320000 - 0x00007ffcd532a000 	C:\WINDOWS\SYSTEM32\VERSION.dll
0x00007ffcd67a0000 - 0x00007ffcd67c7000 	C:\WINDOWS\SYSTEM32\WINMM.dll
0x00007ffce8010000 - 0x00007ffce8019000 	C:\WINDOWS\SYSTEM32\WSOCK32.dll
0x00007ffcef230000 - 0x00007ffcef29b000 	C:\WINDOWS\System32\WS2_32.dll
0x00007ffcec100000 - 0x00007ffcec112000 	C:\WINDOWS\SYSTEM32\kernel.appcore.dll
0x00007ffce69a0000 - 0x00007ffce69b1000 	C:\Program Files\JetBrains\IntelliJ IDEA 2022.1\jbr\bin\verify.dll
0x00007ffcda630000 - 0x00007ffcda814000 	C:\WINDOWS\SYSTEM32\DBGHELP.DLL
0x00007ffcda5d0000 - 0x00007ffcda5fc000 	C:\WINDOWS\SYSTEM32\dbgcore.DLL
0x00007ffceddb0000 - 0x00007ffcede32000 	C:\WINDOWS\System32\bcryptPrimitives.dll
0x00007ffcdd070000 - 0x00007ffcdd099000 	C:\Program Files\JetBrains\IntelliJ IDEA 2022.1\jbr\bin\java.dll
0x00007ffce7be0000 - 0x00007ffce7beb000 	C:\Program Files\JetBrains\IntelliJ IDEA 2022.1\jbr\bin\jimage.dll
0x00007ffcdc5e0000 - 0x00007ffcdc5f9000 	C:\Program Files\JetBrains\IntelliJ IDEA 2022.1\jbr\bin\zip.dll

dbghelp: loaded successfully - version: 4.0.5 - missing functions: none
symbol engine: initialized successfully - sym options: 0x614 - pdb path: .;C:\Program Files\JetBrains\IntelliJ IDEA 2022.1\jbr\bin;C:\WINDOWS\SYSTEM32;C:\WINDOWS\WinSxS\amd64_microsoft.windows.common-controls_6595b64144ccf1df_6.0.19041.1110_none_60b5254171f9507e;C:\Program Files\JetBrains\IntelliJ IDEA 2022.1\jbr\bin\server

VM Arguments:
java_command: git4idea.http.GitAskPassApp Username for 'https://gitee.com': 
java_class_path (initial): C:/Program Files/JetBrains/IntelliJ IDEA 2022.1/plugins/git4idea/lib/git4idea-rt.jar;C:/Program Files/JetBrains/IntelliJ IDEA 2022.1/lib/externalProcess-rt.jar;C:/Program Files/JetBrains/IntelliJ IDEA 2022.1/lib/app.jar;C:/Program Files/JetBrains/IntelliJ IDEA 2022.1/lib/3rd-party-rt.jar
Launcher Type: SUN_STANDARD

[Global flags]
     intx CICompilerCount                          = 3                                         {product} {ergonomic}
     uint ConcGCThreads                            = 1                                         {product} {ergonomic}
     uint G1ConcRefinementThreads                  = 4                                         {product} {ergonomic}
   size_t G1HeapRegionSize                         = 1048576                                   {product} {ergonomic}
    uintx GCDrainStackTargetSize                   = 64                                        {product} {ergonomic}
   size_t InitialHeapSize                          = 134217728                                 {product} {ergonomic}
   size_t MarkStackSize                            = 4194304                                   {product} {ergonomic}
   size_t MaxHeapSize                              = 2122317824                                {product} {ergonomic}
   size_t MinHeapDeltaBytes                        = 1048576                                   {product} {ergonomic}
    uintx NonNMethodCodeHeapSize                   = 5830732                                {pd product} {ergonomic}
    uintx NonProfiledCodeHeapSize                  = 122913754                              {pd product} {ergonomic}
    uintx ProfiledCodeHeapSize                     = 122913754                              {pd product} {ergonomic}
    uintx ReservedCodeCacheSize                    = 251658240                              {pd product} {ergonomic}
     bool SegmentedCodeCache                       = true                                      {product} {ergonomic}
     bool UseCompressedClassPointers               = true                                 {lp64_product} {ergonomic}
     bool UseCompressedOops                        = true                                 {lp64_product} {ergonomic}
     bool UseG1GC                                  = true                                      {product} {ergonomic}
     bool UseLargePagesIndividualAllocation        = false                                  {pd product} {ergonomic}

Logging:
Log output configuration:
 #0: stdout all=warning uptime,level,tags
 #1: stderr all=off uptime,level,tags

Environment Variables:
JAVA_HOME=C:\Environment\jdk
PATH=C:\Environment\git\mingw64\libexec\git-core;C:\Environment\git\mingw64\libexec\git-core;C:\Environment\git\mingw64\bin;C:\Environment\git\usr\bin;C:\Users\mac\bin;C:\Program Files (x86)\Intel\iCLS Client;C:\Program Files\Intel\iCLS Client;C:\WINDOWS\system32;C:\WINDOWS;C:\WINDOWS\System32\Wbem;C:\WINDOWS\System32\WindowsPowerShell\v1.0;C:\WINDOWS\System32\OpenSSH;C:\Environment\Node;C:\Environment\jdk\bin;C:\Environment\apache-maven-3.8.1\bin;C:\Environment\git\cmd;C:\Program Files (x86)\NetSarang\Xshell 7;C:\Program Files (x86)\NetSarang\Xftp 7;C:\Users\mac\AppData\Local\Microsoft\WindowsApps;C:\Users\mac\AppData\Local\Programs\Microsoft VS Code\bin;C:\Users\mac\AppData\Roaming\npm
USERNAME=mac
DISPLAY=:0.0
LC_ALL=en_US.UTF-8
OS=Windows_NT
PROCESSOR_IDENTIFIER=Intel64 Family 6 Model 61 Stepping 4, GenuineIntel



---------------  S Y S T E M  ---------------

OS: Windows 10 , 64 bit Build 19041 (10.0.19041.1706)
OS uptime: 0 days 3:23 hours

CPU:total 4 (initial active 4) (2 cores per cpu, 2 threads per core) family 6 model 61 stepping 4 microcode 0x2f, cmov, cx8, fxsr, mmx, sse, sse2, sse3, ssse3, sse4.1, sse4.2, popcnt, avx, avx2, aes, clmul, erms, rtm, 3dnowpref, lzcnt, ht, tsc, tscinvbit, bmi1, bmi2, adx, fma

Memory: 4k page, system-wide physical 8094M (1741M free)
TotalPageFile size 16261M (AvailPageFile size 76M)
current process WorkingSet (physical memory assigned to process): 10M, peak: 10M
current process commit charge ("private bytes"): 51M, peak: 179M

vm_info: OpenJDK 64-Bit Server VM (11.0.14.1+1-b2043.25) for windows-amd64 JRE (11.0.14.1+1-b2043.25), built on Mar 30 2022 06:22:56 by "" with MS VC++ 14.0 (VS2015)

END.
